('#', 25, -1)
('max', 1, (12, 0))
(';', 19, -1)
('$', 26, -1)
('message', 1, (14, 0))
(';', 19, -1)
('n1', 1, (12, 1))
('<=', 6, -1)
('3', 0, (3, 0))
(';', 19, -1)
('n2', 1, (13, 0))
('<=', 6, -1)
('-5', 0, (2, 0))
(';', 19, -1)
('if', 22, -1)
('(', 11, -1)
('n1', 1, (12, 1))
('smaller', 21, -1)
('n2', 1, (13, 0))
(')', 12, -1)
('{', 7, -1)
('max', 1, (12, 0))
('<=', 6, -1)
('n2', 1, (13, 0))
(';', 19, -1)
('}', 8, -1)
('else', 23, -1)
('{', 7, -1)
('max', 1, (12, 0))
('<=', 6, -1)
('n1', 1, (12, 1))
(';', 19, -1)
('}', 8, -1)